********************************************************************************
PACKAGE-LOG: 2016-03-14 17:15:08
NOTICE: Do NOT post to public sites or forums 
********************************************************************************
VERSION:	1.1.4
WORDPRESS:	4.4.2
PHP INFO:	7.0.0 | SAPI: apache2handler
SERVER:		Apache/2.2.29 (Unix) mod_wsgi/3.5 Python/2.7.10 PHP/7.0.0 mod_ssl/2.2.29 OpenSSL/0.9.8zg DAV/2 mod_fastcgi/2.4.6 mod_perl/2.0.9 Perl/v5.22.0 
PHP TIME LIMIT: (0) no time limit imposed 
PHP MAX MEMORY: 5000M (128M default) 
MEMORY STACK: 10MB 

********************************************************************************
DATABASE:
********************************************************************************
BUILD MODE:   PHP(query limit - 100)
MYSQLTIMEOUT: 5000
MYSQLDUMP:    Not Supported 
TABLES: total:22 | filtered:0 | create:22 
FILTERED: [] 
SQL CREATED: 20160314_emeraldcity_56e6f18f12aa23368160314171455_database.sql 
SQL FILE SIZE: 741.85KB (759650) 
SQL FILE TIME: 2016-03-14 17:15:09 
SQL RUNTIME: 0.28 sec. 

******************************************************************************** 
ARCHIVE (ZIP): 
******************************************************************************** 
ARCHIVE DIR:  /Applications/MAMP/htdocs/webi2000/midterm 
ARCHIVE FILE: 20160314_emeraldcity_56e6f18f12aa23368160314171455_archive.zip 
FILTERS: *OFF* 
DIRS:  not set 
EXTS:  not set 
---------------------------------------- 
COMPRESSING 
SIZE:	77.44MB 
STATS:	Dirs 484 | Files 4,320 
SQL ADDED: 20160314_emeraldcity_56e6f18f12aa23368160314171455_database.sql 
ZipArchive Object
(
    [status] => 0
    [statusSys] => 0
    [numFiles] => 4804
    [filename] => /Applications/MAMP/htdocs/webi2000/midterm/wp-snapshots/tmp/20160314_emeraldcity_56e6f18f12aa23368160314171455_archive.zip
    [comment] => 
)
 
COMPRESSION RESULT: '1' 
COMPRESSED SIZE: 39.62MB 
ARCHIVE RUNTIME: 23.70 sec. 
MEMORY STACK: 12MB 

******************************************************************************** 
MAKE INSTALLER: 
******************************************************************************** 
Build Start 
Build Finished 
Preping for use 
Template parsed with new data 
Complete [/Applications/MAMP/htdocs/webi2000/midterm/wp-snapshots/tmp/20160314_emeraldcity_56e6f18f12aa23368160314171455_installer.php] 
Added to archive 

******************************************************************************** 
INTEGRITY CHECKS: 
******************************************************************************** 
SQL File: 741.85KB 
Installer File: 318.88KB 
Archive File: 39.62MB  

********************************************************************************
RECORD ID:[1]
TOTAL PROCESS RUNTIME: 25.67 sec.
PEAK PHP MEMORY USED: 12MB
DONE PROCESSING => 20160314_emeraldcity 2016-03-14 17:15:34
 
